2026-02-21 11:10:46.929+0000 INFO  Logging config in use: File '/var/lib/neo4j/conf/user-logs.xml'
2026-02-21 11:10:46.946+0000 INFO  Starting...
2026-02-21 11:10:47.608+0000 INFO  This instance is ServerId{776002a3} (776002a3-8f7b-43a9-b624-9f408a9fd5ba)
2026-02-21 11:10:48.474+0000 INFO  ======== Neo4j 2026.01.4 ========
2026-02-21 11:10:58.986+0000 INFO  Anonymous Usage Data is being sent to Neo4j, see https://neo4j.com/docs/usage-data/
2026-02-21 11:11:08.773+0000 INFO  Bolt enabled on 0.0.0.0:7687.
2026-02-21 11:11:09.481+0000 INFO  HTTP enabled on 0.0.0.0:7474.
2026-02-21 11:11:09.482+0000 INFO  Remote interface available at http://localhost:7474/
2026-02-21 11:11:09.485+0000 INFO  id: EBD33BDBED1D673951674803E8CFCC7192CAE9895B035A60F6611FC114E1481A
2026-02-21 11:11:09.486+0000 INFO  name: system
2026-02-21 11:11:09.486+0000 INFO  creationDate: 2026-02-21T11:10:49.492Z
2026-02-21 11:11:09.487+0000 INFO  Started.
2026-02-21 17:13:05.043+0000 INFO  Neo4j Server shutdown initiated by request
2026-02-21 17:13:05.049+0000 INFO  Stopping...
2026-02-21 17:14:13.114+0000 INFO  Logging config in use: File '/var/lib/neo4j/conf/user-logs.xml'
2026-02-21 17:14:13.129+0000 INFO  Starting...
2026-02-21 17:14:13.801+0000 INFO  This instance is ServerId{776002a3} (776002a3-8f7b-43a9-b624-9f408a9fd5ba)
2026-02-21 17:14:14.684+0000 INFO  ======== Neo4j 2026.01.4 ========
2026-02-21 17:14:14.783+0000 INFO  Neo4j Server shutdown initiated by request
2026-02-21 17:14:14.784+0000 INFO  Stopped.
2026-02-21 17:14:23.881+0000 INFO  Logging config in use: File '/var/lib/neo4j/conf/user-logs.xml'
2026-02-21 17:14:23.894+0000 INFO  Starting...
2026-02-21 17:14:24.567+0000 INFO  This instance is ServerId{776002a3} (776002a3-8f7b-43a9-b624-9f408a9fd5ba)
2026-02-21 17:14:25.472+0000 INFO  ======== Neo4j 2026.01.4 ========
2026-02-21 17:14:27.342+0000 INFO  Anonymous Usage Data is being sent to Neo4j, see https://neo4j.com/docs/usage-data/
2026-02-21 17:14:27.803+0000 INFO  Bolt enabled on 0.0.0.0:7687.
2026-02-21 17:14:28.434+0000 INFO  HTTP enabled on 0.0.0.0:7474.
2026-02-21 17:14:28.435+0000 INFO  Remote interface available at http://localhost:7474/
2026-02-21 17:14:28.438+0000 INFO  id: EBD33BDBED1D673951674803E8CFCC7192CAE9895B035A60F6611FC114E1481A
2026-02-21 17:14:28.438+0000 INFO  name: system
2026-02-21 17:14:28.439+0000 INFO  creationDate: 2026-02-21T11:10:49.492Z
2026-02-21 17:14:28.439+0000 INFO  Started.
